<?xml version="1.0" encoding="UTF-8"?>
<!-- Generated by org.testng.reporters.JUnitXMLReporter -->
<testsuite ignored="0" hostname="Veena" failures="0" tests="6" name="Default test" time="15.357" errors="0" timestamp="2023-10-29T18:38:28 AEDT">
  <testcase classname="com.io.rest.pet.api_test.PetApiTest" name="givenValidDetails_Create_PetData_Check_StatusCode200" time="7.319"/>
  <testcase classname="com.io.rest.pet.api_test.PetApiTest" name="givenPetID_Update_Check_StatusCode200" time="1.627"/>
  <testcase classname="com.io.rest.pet.api_test.PetApiTest" name="givenPetIdReturn_Pet_Data_Check_StatusCode200" time="1.427"/>
  <testcase classname="com.io.rest.pet.api_test.PetApiTest" name="givenPetId_Delete_Pet_Check_StatusCode200" time="1.436"/>
  <testcase classname="com.io.rest.pet.api_test.PetApiTest" name="givenPetID_Delete_InvalidPet_Check_StatusCode404" time="1.516"/>
  <testcase classname="com.io.rest.pet.api_test.PetApiTest" name="givenInvalid_PetID_checkGetPetId_Check_StatusCode404" time="1.323"/>
</testsuite> <!-- Default test -->
